# JRE version: OpenJDK Runtime Environment Microsoft-11369940 (21.0.7+6) (build 21.0.7+6-LTS)
# Java VM: OpenJDK 64-Bit Server VM Microsoft-11369940 (21.0.7+6-LTS, mixed mode, emulated-client, sharing, tiered, compressed oops, compressed class ptrs, g1 gc, windows-amd64)
GC Precious Log:
 CardTable entry size: 512
 Card Set container configuration: InlinePtr #cards 5 size 8 Array Of Cards #cards 12 size 40 Howl #buckets 4 coarsen threshold 1843 Howl Bitmap #cards 512 size 80 coarsen threshold 460 Card regions per heap region 1 cards per card region 2048
 CPUs: 6 total, 6 available
 Memory: 8028M
 Large Page Support: Disabled
 NUMA Support: Disabled
 Compressed Oops: Enabled (32-bit)
 Heap Region Size: 1M
 Heap Min Capacity: 8M
 Heap Initial Capacity: 126M
 Heap Max Capacity: 2008M
 Pre-touch: Disabled
 Parallel Workers: 6
 Concurrent Workers: 2
 Concurrent Refinement Workers: 6
 Periodic GC: Disabled
Heap:
 garbage-first heap   total 61440K, used 36859K [0x0000000082800000, 0x0000000100000000)
  region size 1024K, 2 young (2048K), 2 survivors (2048K)
 Metaspace       used 78226K, committed 79040K, reserved 1179648K
  class space    used 11010K, committed 11392K, reserved 1048576K
GC Heap History (20 events):
Event: 8.456 GC heap after
{Heap after GC invocations=9 (full 0):
 garbage-first heap   total 51200K, used 23102K [0x0000000082800000, 0x0000000100000000)
  region size 1024K, 2 young (2048K), 2 survivors (2048K)
 Metaspace       used 35452K, committed 36096K, reserved 1114112K
  class space    used 4865K, committed 5184K, reserved 1048576K
}
Event: 9.206 GC heap before
{Heap before GC invocations=10 (full 0):
 garbage-first heap   total 51200K, used 42558K [0x0000000082800000, 0x0000000100000000)
  region size 1024K, 21 young (21504K), 2 survivors (2048K)
 Metaspace       used 39393K, committed 40128K, reserved 1114112K
  class space    used 5635K, committed 5952K, reserved 1048576K
}
Event: 9.208 GC heap after
{Heap after GC invocations=11 (full 0):
 garbage-first heap   total 51200K, used 24767K [0x0000000082800000, 0x0000000100000000)
  region size 1024K, 3 young (3072K), 3 survivors (3072K)
 Metaspace       used 39393K, committed 40128K, reserved 1114112K
  class space    used 5635K, committed 5952K, reserved 1048576K
}
Event: 9.639 GC heap before
{Heap before GC invocations=11 (full 0):
 garbage-first heap   total 51200K, used 43199K [0x0000000082800000, 0x0000000100000000)
  region size 1024K, 22 young (22528K), 3 survivors (3072K)
 Metaspace       used 44205K, committed 44928K, reserved 1114112K
  class space    used 6307K, committed 6656K, reserved 1048576K
}
Event: 9.642 GC heap after
{Heap after GC invocations=12 (full 0):
 garbage-first heap   total 51200K, used 25854K [0x0000000082800000, 0x0000000100000000)
  region size 1024K, 3 young (3072K), 3 survivors (3072K)
 Metaspace       used 44205K, committed 44928K, reserved 1114112K
  class space    used 6307K, committed 6656K, reserved 1048576K
}
Event: 10.194 GC heap before
{Heap before GC invocations=12 (full 0):
 garbage-first heap   total 51200K, used 43262K [0x0000000082800000, 0x0000000100000000)
  region size 1024K, 21 young (21504K), 3 survivors (3072K)
 Metaspace       used 49236K, committed 49920K, reserved 1114112K
  class space    used 6928K, committed 7232K, reserved 1048576K
}
Event: 10.198 GC heap after
{Heap after GC invocations=13 (full 0):
 garbage-first heap   total 51200K, used 27405K [0x0000000082800000, 0x0000000100000000)
  region size 1024K, 2 young (2048K), 2 survivors (2048K)
 Metaspace       used 49236K, committed 49920K, reserved 1114112K
  class space    used 6928K, committed 7232K, reserved 1048576K
}
Event: 10.446 GC heap before
{Heap before GC invocations=14 (full 0):
 garbage-first heap   total 51200K, used 44813K [0x0000000082800000, 0x0000000100000000)
  region size 1024K, 19 young (19456K), 2 survivors (2048K)
 Metaspace       used 53434K, committed 54144K, reserved 1114112K
  class space    used 7356K, committed 7680K, reserved 1048576K
}
Event: 10.450 GC heap after
{Heap after GC invocations=15 (full 0):
 garbage-first heap   total 61440K, used 28114K [0x0000000082800000, 0x0000000100000000)
  region size 1024K, 1 young (1024K), 1 survivors (1024K)
 Metaspace       used 53434K, committed 54144K, reserved 1114112K
  class space    used 7356K, committed 7680K, reserved 1048576K
}
Event: 10.911 GC heap before
{Heap before GC invocations=15 (full 0):
 garbage-first heap   total 61440K, used 52690K [0x0000000082800000, 0x0000000100000000)
  region size 1024K, 26 young (26624K), 1 survivors (1024K)
 Metaspace       used 59867K, committed 60544K, reserved 1114112K
  class space    used 8284K, committed 8576K, reserved 1048576K
}
Event: 10.914 GC heap after
{Heap after GC invocations=16 (full 0):
 garbage-first heap   total 61440K, used 29018K [0x0000000082800000, 0x0000000100000000)
  region size 1024K, 2 young (2048K), 2 survivors (2048K)
 Metaspace       used 59867K, committed 60544K, reserved 1114112K
  class space    used 8284K, committed 8576K, reserved 1048576K
}
Event: 11.333 GC heap before
{Heap before GC invocations=16 (full 0):
 garbage-first heap   total 61440K, used 53594K [0x0000000082800000, 0x0000000100000000)
  region size 1024K, 27 young (27648K), 2 survivors (2048K)
 Metaspace       used 65195K, committed 65856K, reserved 1114112K
  class space    used 9124K, committed 9408K, reserved 1048576K
}
Event: 11.336 GC heap after
{Heap after GC invocations=17 (full 0):
 garbage-first heap   total 61440K, used 29958K [0x0000000082800000, 0x0000000100000000)
  region size 1024K, 3 young (3072K), 3 survivors (3072K)
 Metaspace       used 65195K, committed 65856K, reserved 1114112K
  class space    used 9124K, committed 9408K, reserved 1048576K
}
Event: 12.081 GC heap before
{Heap before GC invocations=17 (full 0):
 garbage-first heap   total 61440K, used 53510K [0x0000000082800000, 0x0000000100000000)
  region size 1024K, 27 young (27648K), 3 survivors (3072K)
 Metaspace       used 69656K, committed 70336K, reserved 1114112K
  class space    used 9750K, committed 10048K, reserved 1048576K
}
Event: 12.085 GC heap after
{Heap after GC invocations=18 (full 0):
 garbage-first heap   total 61440K, used 31983K [0x0000000082800000, 0x0000000100000000)
  region size 1024K, 4 young (4096K), 4 survivors (4096K)
 Metaspace       used 69656K, committed 70336K, reserved 1114112K
  class space    used 9750K, committed 10048K, reserved 1048576K
}
Event: 12.376 GC heap before
{Heap before GC invocations=19 (full 0):
 garbage-first heap   total 61440K, used 53487K [0x0000000082800000, 0x0000000100000000)
  region size 1024K, 25 young (25600K), 4 survivors (4096K)
 Metaspace       used 71714K, committed 72448K, reserved 1114112K
  class space    used 10067K, committed 10368K, reserved 1048576K
}
Event: 12.380 GC heap after
{Heap after GC invocations=20 (full 0):
 garbage-first heap   total 61440K, used 33766K [0x0000000082800000, 0x0000000100000000)
  region size 1024K, 2 young (2048K), 2 survivors (2048K)
 Metaspace       used 71714K, committed 72448K, reserved 1114112K
  class space    used 10067K, committed 10368K, reserved 1048576K
}
Event: 12.750 GC heap before
{Heap before GC invocations=20 (full 0):
 garbage-first heap   total 61440K, used 55270K [0x0000000082800000, 0x0000000100000000)
  region size 1024K, 23 young (23552K), 2 survivors (2048K)
 Metaspace       used 74339K, committed 75200K, reserved 1114112K
  class space    used 10460K, committed 10880K, reserved 1048576K
}
Event: 12.755 GC heap after
{Heap after GC invocations=21 (full 0):
 garbage-first heap   total 61440K, used 35373K [0x0000000082800000, 0x0000000100000000)
  region size 1024K, 3 young (3072K), 3 survivors (3072K)
 Metaspace       used 74339K, committed 75200K, reserved 1114112K
  class space    used 10460K, committed 10880K, reserved 1048576K
}
Event: 43.555 GC heap before
{Heap before GC invocations=21 (full 0):
 garbage-first heap   total 61440K, used 54829K [0x0000000082800000, 0x0000000100000000)
  region size 1024K, 22 young (22528K), 3 survivors (3072K)
 Metaspace       used 78226K, committed 79040K, reserved 1179648K
  class space    used 11010K, committed 11392K, reserved 1048576K
}

